16:57:10 **** Incremental Build of configuration Debug for project Temperature Sensor ****
make all 
Building file: ../Src/function.c
Invoking: MCU GCC Compiler
C:\Users\Prince\Desktop\1-Wire-Communication-Emulation\Temperature Sensor\Debug
arm-none-eabi-gcc -mcpu=cortex-m3 -mthumb -mfloat-abi=soft '-D__weak=__attribute__((weak))' '-D__packed=__attribute__((__packed__))' -DUSE_HAL_DRIVER -DSTM32F103xB -I"C:/Users/Prince/Desktop/1-Wire-Communication-Emulation/Temperature Sensor/Inc" -I"C:/Users/Prince/Desktop/1-Wire-Communication-Emulation/Temperature Sensor/Drivers/STM32F1xx_HAL_Driver/Inc" -I"C:/Users/Prince/Desktop/1-Wire-Communication-Emulation/Temperature Sensor/Drivers/STM32F1xx_HAL_Driver/Inc/Legacy" -I"C:/Users/Prince/Desktop/1-Wire-Communication-Emulation/Temperature Sensor/Drivers/CMSIS/Device/ST/STM32F1xx/Include" -I"C:/Users/Prince/Desktop/1-Wire-Communication-Emulation/Temperature Sensor/Drivers/CMSIS/Include" -I"C:/Users/Prince/Desktop/1-Wire-Communication-Emulation/Temperature Sensor/Inc"  -Og -g3 -Wall -fmessage-length=0 -ffunction-sections -c -fmessage-length=0 -MMD -MP -MF"Src/function.d" -MT"Src/function.o" -o "Src/function.o" "../Src/function.c"
Finished building: ../Src/function.c
 
Building file: ../Src/state_machine.c
Invoking: MCU GCC Compiler
C:\Users\Prince\Desktop\1-Wire-Communication-Emulation\Temperature Sensor\Debug
arm-none-eabi-gcc -mcpu=cortex-m3 -mthumb -mfloat-abi=soft '-D__weak=__attribute__((weak))' '-D__packed=__attribute__((__packed__))' -DUSE_HAL_DRIVER -DSTM32F103xB -I"C:/Users/Prince/Desktop/1-Wire-Communication-Emulation/Temperature Sensor/Inc" -I"C:/Users/Prince/Desktop/1-Wire-Communication-Emulation/Temperature Sensor/Drivers/STM32F1xx_HAL_Driver/Inc" -I"C:/Users/Prince/Desktop/1-Wire-Communication-Emulation/Temperature Sensor/Drivers/STM32F1xx_HAL_Driver/Inc/Legacy" -I"C:/Users/Prince/Desktop/1-Wire-Communication-Emulation/Temperature Sensor/Drivers/CMSIS/Device/ST/STM32F1xx/Include" -I"C:/Users/Prince/Desktop/1-Wire-Communication-Emulation/Temperature Sensor/Drivers/CMSIS/Include" -I"C:/Users/Prince/Desktop/1-Wire-Communication-Emulation/Temperature Sensor/Inc"  -Og -g3 -Wall -fmessage-length=0 -ffunction-sections -c -fmessage-length=0 -MMD -MP -MF"Src/state_machine.d" -MT"Src/state_machine.o" -o "Src/state_machine.o" "../Src/state_machine.c"
Finished building: ../Src/state_machine.c
 
Building target: Temperature Sensor.elf
Invoking: MCU GCC Linker
arm-none-eabi-gcc -mcpu=cortex-m3 -mthumb -mfloat-abi=soft -specs=nosys.specs -specs=nano.specs -T"../STM32F103C8Tx_FLASH.ld" -Wl,-Map=output.map -Wl,--gc-sections -o "Temperature Sensor.elf" @"objects.list"   -lm
Finished building target: Temperature Sensor.elf
 
make --no-print-directory post-build
Generating binary and Printing size information:
arm-none-eabi-objcopy -O binary "Temperature Sensor.elf" "Temperature Sensor.bin"
arm-none-eabi-size "Temperature Sensor.elf"
   text	   data	    bss	    dec	    hex	filename
   7284	     24	   1696	   9004	   232c	Temperature Sensor.elf
 

16:57:13 Build Finished (took 3s.80ms)

